#
# A fatal error has been detected by the Java Runtime Environment:
#
#  EXCEPTION_ACCESS_VIOLATION (0xc0000005) at pc=0x00007ffa10a7d1e2, pid=12812, tid=9712
#
# JRE version: OpenJDK Runtime Environment (16.0.1+9) (build 16.0.1+9-24)
# Java VM: OpenJDK 64-Bit Server VM (16.0.1+9-24, mixed mode, sharing, tiered, compressed oops, compressed class ptrs, g1 gc, windows-amd64)
# Problematic frame:
# V  [jvm.dll+0x2cd1e2]
#
# No core dump will be written. Minidumps are not enabled by default on client versions of Windows
#
# If you would like to submit a bug report, please visit:
#   https://bugreport.java.com/bugreport/crash.jsp
#

---------------  S U M M A R Y ------------

Command Line: --add-opens=java.base/java.util=ALL-UNNAMED --add-opens=java.base/java.lang=ALL-UNNAMED --add-opens=java.base/java.lang.invoke=ALL-UNNAMED --add-opens=java.base/java.util=ALL-UNNAMED --add-opens=java.prefs/java.util.prefs=ALL-UNNAMED --add-opens=java.prefs/java.util.prefs=ALL-UNNAMED --add-opens=java.base/java.nio.charset=ALL-UNNAMED --add-opens=java.base/java.net=ALL-UNNAMED --add-opens=java.base/java.util.concurrent.atomic=ALL-UNNAMED -Xmx1G -Dfile.encoding=windows-1251 -Duser.country=RU -Duser.language=ru -Duser.variant org.gradle.launcher.daemon.bootstrap.GradleDaemon 7.0.2

Host: Intel(R) Core(TM) i5-3550 CPU @ 3.30GHz, 4 cores, 7G,  Windows 10 , 64 bit Build 19041 (10.0.19041.1645)
Time: Fri May 13 02:49:47 2022  Windows 10 , 64 bit Build 19041 (10.0.19041.1645) elapsed time: 18.758688 seconds (0d 0h 0m 18s)

---------------  T H R E A D  ---------------

Current thread (0x000001d1ece25800):  ConcurrentGCThread "G1 Conc#0" [stack: 0x000000c638400000,0x000000c638500000] [id=9712]

Stack: [0x000000c638400000,0x000000c638500000],  sp=0x000000c6384ff4f0,  free space=1021k
Native frames: (J=compiled Java code, j=interpreted, Vv=VM code, C=native code)
V  [jvm.dll+0x2cd1e2]
V  [jvm.dll+0x2ccf2f]
V  [jvm.dll+0x2cb19d]
V  [jvm.dll+0x2cae01]
V  [jvm.dll+0x2e15de]
V  [jvm.dll+0x2dde71]
V  [jvm.dll+0x2df81c]
V  [jvm.dll+0x2de734]
V  [jvm.dll+0x2e2286]
V  [jvm.dll+0x7f844b]
V  [jvm.dll+0x779b4a]
V  [jvm.dll+0x667666]
C  [ucrtbase.dll+0x21bb2]
C  [KERNEL32.DLL+0x17034]
C  [ntdll.dll+0x52651]


siginfo: EXCEPTION_ACCESS_VIOLATION (0xc0000005), reading address 0x00000000000000f8


Register to memory mapping:

RIP=0x00007ffa10a7d1e2 jvm.dll
RAX=0x000001d1ece0a880 points into unknown readable memory: 0x0000000000000000 | 00 00 00 00 00 00 00 00
RBX=0x000001d1ece28320 points into unknown readable memory: 0x00007ffa11093c88 | 88 3c 09 11 fa 7f 00 00
RCX=0x0000000000000014 is an unknown value
RDX=0x0 is NULL
RSP=0x000000c6384ff4f0 points into unknown readable memory: 0x0000000000000000 | 00 00 00 00 00 00 00 00
RBP=0x0 is NULL
RSI=0x000001d1ece1ae50 points into unknown readable memory: 0x000001d1ece23830 | 30 38 e2 ec d1 01 00 00
RDI=0x0000000040000000 is an unknown value
R8 =0x0000000040000000 is an unknown value
R9 =0x0 is NULL
R10=0x0000000000000015 is an unknown value
R11=0x0000000000000003 is an unknown value
R12=0x0 is NULL
R13=0xaaaaaaaaaaaaaaab is an unknown value
R14={method} {0x000000080006ebc8} 'equals' '(Ljava/lang/Object;)Z' in 'java/lang/reflect/Method'
R15=0x00000000c1577660 is an oop: java.lang.reflect.Method 
{0x00000000c1577660} - klass: 'java/lang/reflect/Method'


Registers:
RAX=0x000001d1ece0a880, RBX=0x000001d1ece28320, RCX=0x0000000000000014, RDX=0x0000000000000000
RSP=0x000000c6384ff4f0, RBP=0x0000000000000000, RSI=0x000001d1ece1ae50, RDI=0x0000000040000000
R8 =0x0000000040000000, R9 =0x0000000000000000, R10=0x0000000000000015, R11=0x0000000000000003
R12=0x0000000000000000, R13=0xaaaaaaaaaaaaaaab, R14=0x000000080006ebc0, R15=0x00000000c1577660
RIP=0x00007ffa10a7d1e2, EFLAGS=0x0000000000010206

Top of Stack: (sp=0x000000c6384ff4f0)
0x000000c6384ff4f0:   0000000000000000 00007ffa10a7d214
0x000000c6384ff500:   000048f8db2bc680 000000c6384ff6c0
0x000000c6384ff510:   0000000040000000 00007ffa10a7cf2f
0x000000c6384ff520:   000001d1ece28320 000000c6384ff6c0
0x000000c6384ff530:   000000080006ebb8 000000c6384ff6c0
0x000000c6384ff540:   00000000c15776b4 00007ffa10a7b19d
0x000000c6384ff550:   00000000c15776a0 00007ffa10a7b73d
0x000000c6384ff560:   00000000c15775c0 0000000800060cd0
0x000000c6384ff570:   000000c6384ff680 0000000000000001
0x000000c6384ff580:   00000000c1577660 00007ffa10a7ae01
0x000000c6384ff590:   000000080006e770 000000000000000b
0x000000c6384ff5a0:   000000c6384ff6c0 0000000000000000
0x000000c6384ff5b0:   000001d1ece28320 00007ffa10a915de
0x000000c6384ff5c0:   00000000c1577660 000001d1ece1ae60
0x000000c6384ff5d0:   000000c6384ff680 000001d1ece1ae60
0x000000c6384ff5e0:   00000000c1577660 00007ffa10a8de71 

Instructions: (pc=0x00007ffa10a7d1e2)
0x00007ffa10a7d0e2:   48 3b c8 75 ee 32 db 48 8b 6c 24 38 0f b6 c3 48
0x00007ffa10a7d0f2:   8b 5c 24 30 48 8b 74 24 40 48 83 c4 20 5f c3 80
0x00007ffa10a7d102:   3d 79 a7 80 00 00 b3 01 74 15 8b 57 08 8b 0d 33
0x00007ffa10a7d112:   3f 7a 00 48 d3 e2 48 03 15 21 3f 7a 00 eb 04 48
0x00007ffa10a7d122:   8b 57 08 48 8b cf e8 d3 fd ed ff 4c 63 d8 48 8b
0x00007ffa10a7d132:   86 08 03 00 00 4c 8b 04 e8 49 8b 40 18 8b 88 c0
0x00007ffa10a7d142:   01 00 00 48 8b 90 b8 01 00 00 48 d3 e2 8b 0d 3b
0x00007ffa10a7d152:   b1 80 00 48 2b fa 41 8b 50 60 48 d3 ef 44 8b d7
0x00007ffa10a7d162:   49 23 d2 48 c1 e2 04 49 03 50 40 8b 02 3b c7 74
0x00007ffa10a7d172:   2d 4c 8b 4a 08 4d 85 c9 74 0c 8b c8 49 8b 40 38
0x00007ffa10a7d182:   f0 4c 0f c1 0c c8 48 c7 42 08 00 00 00 00 44 89
0x00007ffa10a7d192:   12 49 ff 40 58 4c 01 5a 08 e9 49 ff ff ff 49 ff
0x00007ffa10a7d1a2:   40 50 4c 01 5a 08 e9 3c ff ff ff cc cc cc 48 89
0x00007ffa10a7d1b2:   6c 24 10 48 89 74 24 18 57 48 83 ec 20 48 8b 41
0x00007ffa10a7d1c2:   08 48 8b f1 4d 8b c8 8b ea 49 8b f8 8b 88 c0 01
0x00007ffa10a7d1d2:   00 00 48 8b 80 b0 01 00 00 49 d3 e9 4e 8b 0c c8
0x00007ffa10a7d1e2:   4d 3b 81 f8 00 00 00 72 12 32 c0 48 8b 6c 24 38
0x00007ffa10a7d1f2:   48 8b 74 24 40 48 83 c4 20 5f c3 48 89 5c 24 30
0x00007ffa10a7d202:   48 8b d7 48 8b 9e 98 00 00 00 48 8b cb 48 8b 03
0x00007ffa10a7d212:   ff 10 8b 4b 18 48 8b d7 48 2b 53 08 48 8b 43 20
0x00007ffa10a7d222:   48 c1 ea 03 48 d3 ea 48 8b ca 48 c1 e9 06 4c 8d
0x00007ffa10a7d232:   04 c8 0f b6 ca 49 8b 00 80 e1 3f ba 01 00 00 00
0x00007ffa10a7d242:   48 d3 e2 48 8b c8 48 0b ca 48 3b c8 74 12 f0 49
0x00007ffa10a7d252:   0f b1 08 74 25 48 8b c8 48 0b ca 48 3b c8 75 ee
0x00007ffa10a7d262:   32 db 48 8b 6c 24 38 0f b6 c3 48 8b 5c 24 30 48
0x00007ffa10a7d272:   8b 74 24 40 48 83 c4 20 5f c3 80 3d fe a5 80 00
0x00007ffa10a7d282:   00 b3 01 74 15 8b 57 08 8b 0d b8 3d 7a 00 48 d3
0x00007ffa10a7d292:   e2 48 03 15 a6 3d 7a 00 eb 04 48 8b 57 08 48 8b
0x00007ffa10a7d2a2:   cf e8 58 fc ed ff 4c 63 d8 48 8b 86 08 03 00 00
0x00007ffa10a7d2b2:   4c 8b 04 e8 49 8b 40 18 8b 88 c0 01 00 00 48 8b
0x00007ffa10a7d2c2:   90 b8 01 00 00 48 d3 e2 8b 0d c0 af 80 00 48 2b
0x00007ffa10a7d2d2:   fa 41 8b 50 60 48 d3 ef 44 8b d7 49 23 d2 48 c1 


Stack slot to memory mapping:
stack at sp + 0 slots: 0x0 is NULL
stack at sp + 1 slots: 0x00007ffa10a7d214 jvm.dll
stack at sp + 2 slots: 0x000048f8db2bc680 is an unknown value
stack at sp + 3 slots: 0x000000c6384ff6c0 points into unknown readable memory: 0x00007ffa11093ca8 | a8 3c 09 11 fa 7f 00 00
stack at sp + 4 slots: 0x0000000040000000 is an unknown value
stack at sp + 5 slots: 0x00007ffa10a7cf2f jvm.dll
stack at sp + 6 slots: 0x000001d1ece28320 points into unknown readable memory: 0x00007ffa11093c88 | 88 3c 09 11 fa 7f 00 00
stack at sp + 7 slots: 0x000000c6384ff6c0 points into unknown readable memory: 0x00007ffa11093ca8 | a8 3c 09 11 fa 7f 00 00


---------------  P R O C E S S  ---------------

Threads class SMR info:
_java_thread_list=0x000001d1fb455b30, length=38, elements={
0x000001d1ecdf1fa0, 0x000001d1ecece7c0, 0x000001d1f8fb3b30, 0x000001d1f8fc8000,
0x000001d1f8fca920, 0x000001d1f8fcb9d0, 0x000001d1f8fcca80, 0x000001d1f8fd3380,
0x000001d1f8ff6940, 0x000001d1f900ba30, 0x000001d1f9c9b220, 0x000001d1f9ca8780,
0x000001d1fb864620, 0x000001d1fa8ac840, 0x000001d1fb008680, 0x000001d1fac3c6c0,
0x000001d1fb37ab00, 0x000001d1fb1d8830, 0x000001d1faed8960, 0x000001d1fa904e80,
0x000001d1fa79cb10, 0x000001d1fa79eaf0, 0x000001d1fa79db00, 0x000001d1fa79d060,
0x000001d1fa79e5a0, 0x000001d1fa79f040, 0x000001d1fa79c5c0, 0x000001d1fa79d5b0,
0x000001d1fb0a6410, 0x000001d1fb0a83f0, 0x000001d1fb0a9e80, 0x000001d1fb0a3ee0,
0x000001d1fb0a7ea0, 0x000001d1fb0a93e0, 0x000001d1fb0a4ed0, 0x000001d1fb0a7400,
0x000001d1fb0a5ec0, 0x000001d1fb0aa920
}

Java Threads: ( => current thread )
  0x000001d1ecdf1fa0 JavaThread "main" [_thread_blocked, id=3988, stack(0x000000c638100000,0x000000c638200000)]
  0x000001d1ecece7c0 JavaThread "Reference Handler" daemon [_thread_blocked, id=7220, stack(0x000000c638800000,0x000000c638900000)]
  0x000001d1f8fb3b30 JavaThread "Finalizer" daemon [_thread_blocked, id=1820, stack(0x000000c638900000,0x000000c638a00000)]
  0x000001d1f8fc8000 JavaThread "Signal Dispatcher" daemon [_thread_blocked, id=7196, stack(0x000000c638a00000,0x000000c638b00000)]
  0x000001d1f8fca920 JavaThread "Attach Listener" daemon [_thread_blocked, id=4796, stack(0x000000c638b00000,0x000000c638c00000)]
  0x000001d1f8fcb9d0 JavaThread "Service Thread" daemon [_thread_blocked, id=2748, stack(0x000000c638c00000,0x000000c638d00000)]
  0x000001d1f8fcca80 JavaThread "Monitor Deflation Thread" daemon [_thread_blocked, id=12396, stack(0x000000c638d00000,0x000000c638e00000)]
  0x000001d1f8fd3380 JavaThread "C2 CompilerThread0" daemon [_thread_blocked, id=12240, stack(0x000000c638e00000,0x000000c638f00000)]
  0x000001d1f8ff6940 JavaThread "C1 CompilerThread0" daemon [_thread_blocked, id=9100, stack(0x000000c638f00000,0x000000c639000000)]
  0x000001d1f900ba30 JavaThread "Sweeper thread" daemon [_thread_blocked, id=3820, stack(0x000000c639000000,0x000000c639100000)]
  0x000001d1f9c9b220 JavaThread "Common-Cleaner" daemon [_thread_blocked, id=5268, stack(0x000000c639100000,0x000000c639200000)]
  0x000001d1f9ca8780 JavaThread "Notification Thread" daemon [_thread_blocked, id=1616, stack(0x000000c639200000,0x000000c639300000)]
  0x000001d1fb864620 JavaThread "Daemon health stats" [_thread_blocked, id=3544, stack(0x000000c639600000,0x000000c639700000)]
  0x000001d1fa8ac840 JavaThread "Incoming local TCP Connector on port 62249" [_thread_in_native, id=4736, stack(0x000000c639800000,0x000000c639900000)]
  0x000001d1fb008680 JavaThread "Daemon periodic checks" [_thread_blocked, id=1704, stack(0x000000c639900000,0x000000c639a00000)]
  0x000001d1fac3c6c0 JavaThread "Daemon" [_thread_blocked, id=4776, stack(0x000000c639a00000,0x000000c639b00000)]
  0x000001d1fb37ab00 JavaThread "Handler for socket connection from /127.0.0.1:62249 to /127.0.0.1:62250" [_thread_in_native, id=7632, stack(0x000000c639b00000,0x000000c639c00000)]
  0x000001d1fb1d8830 JavaThread "Cancel handler" [_thread_blocked, id=2916, stack(0x000000c639c00000,0x000000c639d00000)]
  0x000001d1faed8960 JavaThread "Daemon worker" [_thread_blocked, id=12540, stack(0x000000c639d00000,0x000000c639e00000)]
  0x000001d1fa904e80 JavaThread "Asynchronous log dispatcher for DefaultDaemonConnection: socket connection from /127.0.0.1:62249 to /127.0.0.1:62250" [_thread_blocked, id=8756, stack(0x000000c639e00000,0x000000c639f00000)]
  0x000001d1fa79cb10 JavaThread "Stdin handler" [_thread_blocked, id=11456, stack(0x000000c639f00000,0x000000c63a000000)]
  0x000001d1fa79eaf0 JavaThread "Daemon client event forwarder" [_thread_blocked, id=3960, stack(0x000000c63a000000,0x000000c63a100000)]
  0x000001d1fa79db00 JavaThread "Cache worker for file hash cache (C:\Users\–ö–æ—Ä–æ–ª–µ–≤–∞\.gradle\caches\7.0.2\fileHashes)" [_thread_blocked, id=12576, stack(0x000000c63a100000,0x000000c63a200000)]
  0x000001d1fa79d060 JavaThread "File lock request listener" [_thread_in_native, id=8324, stack(0x000000c63a200000,0x000000c63a300000)]
  0x000001d1fa79e5a0 JavaThread "Cache worker for journal cache (C:\Users\–ö–æ—Ä–æ–ª–µ–≤–∞\.gradle\caches\journal-1)" [_thread_blocked, id=6488, stack(0x000000c63a300000,0x000000c63a400000)]
  0x000001d1fa79f040 JavaThread "Cache worker for file hash cache (C:\Users\–ö–æ—Ä–æ–ª–µ–≤–∞\Desktop\–ù–æ–≤–∞—è–ø–∞–ø–∫–∞\some\AutoChat sources\.gradle\7.0.2\fileHashes)" [_thread_blocked, id=3352, stack(0x000000c63a500000,0x000000c63a600000)]
  0x000001d1fa79c5c0 JavaThread "File watcher server" daemon [_thread_in_native, id=12096, stack(0x000000c63a600000,0x000000c63a700000)]
  0x000001d1fa79d5b0 JavaThread "File watcher consumer" daemon [_thread_blocked, id=9704, stack(0x000000c63a700000,0x000000c63a800000)]
  0x000001d1fb0a6410 JavaThread "Cache worker for checksums cache (C:\Users\–ö–æ—Ä–æ–ª–µ–≤–∞\Desktop\–ù–æ–≤–∞—è–ø–∞–ø–∫–∞\some\AutoChat sources\.gradle\checksums)" [_thread_blocked, id=5464, stack(0x000000c63a400000,0x000000c63a500000)]
  0x000001d1fb0a83f0 JavaThread "Cache worker for cache directory md-supplier (C:\Users\–ö–æ—Ä–æ–ª–µ–≤–∞\.gradle\caches\7.0.2\md-supplier)" [_thread_blocked, id=12068, stack(0x000000c63a800000,0x000000c63a900000)]
  0x000001d1fb0a9e80 JavaThread "Cache worker for cache directory md-rule (C:\Users\–ö–æ—Ä–æ–ª–µ–≤–∞\.gradle\caches\7.0.2\md-rule)" [_thread_blocked, id=7956, stack(0x000000c63a900000,0x000000c63aa00000)]
  0x000001d1fb0a3ee0 JavaThread "Cache worker for execution history cache (C:\Users\–ö–æ—Ä–æ–ª–µ–≤–∞\.gradle\caches\7.0.2\executionHistory)" [_thread_blocked, id=11392, stack(0x000000c63aa00000,0x000000c63ab00000)]
  0x000001d1fb0a7ea0 JavaThread "jar transforms" [_thread_blocked, id=1792, stack(0x000000c63ac00000,0x000000c63ad00000)]
  0x000001d1fb0a93e0 JavaThread "jar transforms Thread 2" [_thread_blocked, id=776, stack(0x000000c63ad00000,0x000000c63ae00000)]
  0x000001d1fb0a4ed0 JavaThread "Cache worker for file content cache (C:\Users\–ö–æ—Ä–æ–ª–µ–≤–∞\.gradle\caches\7.0.2\fileContent)" [_thread_blocked, id=9648, stack(0x000000c63af00000,0x000000c63b000000)]
  0x000001d1fb0a7400 JavaThread "jar transforms Thread 3" [_thread_blocked, id=3596, stack(0x000000c63b000000,0x000000c63b100000)]
  0x000001d1fb0a5ec0 JavaThread "jar transforms Thread 4" [_thread_blocked, id=6948, stack(0x000000c63b100000,0x000000c63b200000)]
  0x000001d1fb0aa920 JavaThread "Cache worker for dependencies-accessors (C:\Users\–ö–æ—Ä–æ–ª–µ–≤–∞\Desktop\–ù–æ–≤–∞—è–ø–∞–ø–∫–∞\some\AutoChat sources\.gradle\7.0.2\dependencies-accessors)" [_thread_blocked, id=7312, stack(0x000000c63b200000,0x000000c63b300000)]

Other Threads:
  0x000001d1ececb230 VMThread "VM Thread" [stack: 0x000000c638700000,0x000000c638800000] [id=3188]
  0x000001d1f9ca8ca0 WatcherThread [stack: 0x000000c639300000,0x000000c639400000] [id=648]
  0x000001d1ece1aa40 GCTaskThread "GC Thread#0" [stack: 0x000000c638200000,0x000000c638300000] [id=1856]
  0x000001d1fa15a930 GCTaskThread "GC Thread#1" [stack: 0x000000c639400000,0x000000c639500000] [id=8952]
  0x000001d1f9ced770 GCTaskThread "GC Thread#2" [stack: 0x000000c639500000,0x000000c639600000] [id=11352]
  0x000001d1fa70e1a0 GCTaskThread "GC Thread#3" [stack: 0x000000c639700000,0x000000c639800000] [id=7756]
  0x000001d1ece23830 ConcurrentGCThread "G1 Main Marker" [stack: 0x000000c638300000,0x000000c638400000] [id=3212]
=>0x000001d1ece25800 ConcurrentGCThread "G1 Conc#0" [stack: 0x000000c638400000,0x000000c638500000] [id=9712]
  0x000001d1ece9eb00 ConcurrentGCThread "G1 Refine#0" [stack: 0x000000c638500000,0x000000c638600000] [id=10124]
  0x000001d1fcee0c60 ConcurrentGCThread "G1 Refine#1" [stack: 0x000000c63ab00000,0x000000c63ac00000] [id=9628]
  0x000001d1ece9f330 ConcurrentGCThread "G1 Service" [stack: 0x000000c638600000,0x000000c638700000] [id=11384]

Threads with active compile tasks:

VM state: not at safepoint (normal execution)

VM Mutex/Monitor currently owned by a thread:  ([mutex/lock_event])
[0x000001d1ecdefc80] Heap_lock - owner thread: 0x000001d1faed8960

Heap address: 0x00000000c0000000, size: 1024 MB, Compressed Oops mode: 32-bit

CDS archive(s) mapped at: [0x0000000800000000-0x0000000800bb0000-0x0000000800bb0000), size 12255232, SharedBaseAddress: 0x0000000800000000, ArchiveRelocationMode: 0.
Compressed class space mapped at: 0x0000000800c00000-0x0000000840c00000, reserved size: 1073741824
Narrow klass base: 0x0000000800000000, Narrow klass shift: 3, Narrow klass range: 0x100000000

GC Precious Log:
 CPUs: 4 total, 4 available
 Memory: 8140M
 Large Page Support: Disabled
 NUMA Support: Disabled
 Compressed Oops: Enabled (32-bit)
 Heap Region Size: 1M
 Heap Min Capacity: 8M
 Heap Initial Capacity: 128M
 Heap Max Capacity: 1G
 Pre-touch: Disabled
 Parallel Workers: 4
 Concurrent Workers: 1
 Concurrent Refinement Workers: 4
 Periodic GC: Disabled

Heap:
 garbage-first heap   total 78848K, used 32091K [0x00000000c0000000, 0x0000000100000000)
  region size 1024K, 4 young (4096K), 2 survivors (2048K)
 Metaspace       used 35919K, committed 36288K, reserved 1081344K
  class space    used 4854K, committed 5056K, reserved 1048576K

Heap Regions: E=young(eden), S=young(survivor), O=old, HS=humongous(starts), HC=humongous(continues), CS=collection set, F=free, OA=open archive, CA=closed archive, TAMS=top-at-mark-start (previous, next)
|   0|0x00000000c0000000, 0x00000000c0100000, 0x00000000c0100000|100%|HS|  |TAMS 0x00000000c0100000, 0x00000000c0100000| Complete 
|   1|0x00000000c0100000, 0x00000000c0200000, 0x00000000c0200000|100%|HC|  |TAMS 0x00000000c0200000, 0x00000000c0200000| Complete 
|   2|0x00000000c0200000, 0x00000000c0300000, 0x00000000c0300000|100%|HC|  |TAMS 0x00000000c0300000, 0x00000000c0300000| Complete 
|   3|0x00000000c0300000, 0x00000000c0400000, 0x00000000c0400000|100%| O|  |TAMS 0x00000000c0400000, 0x00000000c0400000| Untracked 
|   4|0x00000000c0400000, 0x00000000c0500000, 0x00000000c0500000|100%| O|  |TAMS 0x00000000c0500000, 0x00000000c0500000| Untracked 
|   5|0x00000000c0500000, 0x00000000c0600000, 0x00000000c0600000|100%| O|  |TAMS 0x00000000c0600000, 0x00000000c0600000| Untracked 
|   6|0x00000000c0600000, 0x00000000c0700000, 0x00000000c0700000|100%| O|  |TAMS 0x00000000c0700000, 0x00000000c0700000| Untracked 
|   7|0x00000000c0700000, 0x00000000c0800000, 0x00000000c0800000|100%| O|  |TAMS 0x00000000c0800000, 0x00000000c0800000| Untracked 
|   8|0x00000000c0800000, 0x00000000c0900000, 0x00000000c0900000|100%| O|  |TAMS 0x00000000c0900000, 0x00000000c0900000| Untracked 
|   9|0x00000000c0900000, 0x00000000c0a00000, 0x00000000c0a00000|100%| O|  |TAMS 0x00000000c0929e00, 0x00000000c0a00000| Untracked 
|  10|0x00000000c0a00000, 0x00000000c0b00000, 0x00000000c0b00000|100%| O|  |TAMS 0x00000000c0a00000, 0x00000000c0b00000| Untracked 
|  11|0x00000000c0b00000, 0x00000000c0c00000, 0x00000000c0c00000|100%| O|  |TAMS 0x00000000c0b00000, 0x00000000c0c00000| Untracked 
|  12|0x00000000c0c00000, 0x00000000c0d00000, 0x00000000c0d00000|100%| O|  |TAMS 0x00000000c0c00000, 0x00000000c0d00000| Untracked 
|  13|0x00000000c0d00000, 0x00000000c0e00000, 0x00000000c0e00000|100%| O|  |TAMS 0x00000000c0d00000, 0x00000000c0e00000| Untracked 
|  14|0x00000000c0e00000, 0x00000000c0f00000, 0x00000000c0f00000|100%| O|  |TAMS 0x00000000c0e00000, 0x00000000c0f00000| Untracked 
|  15|0x00000000c0f00000, 0x00000000c1000000, 0x00000000c1000000|100%| O|  |TAMS 0x00000000c0f00000, 0x00000000c1000000| Untracked 
|  16|0x00000000c1000000, 0x00000000c1100000, 0x00000000c1100000|100%| O|  |TAMS 0x00000000c1000000, 0x00000000c1100000| Untracked 
|  17|0x00000000c1100000, 0x00000000c11e9800, 0x00000000c1200000| 91%| O|  |TAMS 0x00000000c1100000, 0x00000000c11e9800| Untracked 
|  18|0x00000000c1200000, 0x00000000c1300000, 0x00000000c1300000|100%| O|  |TAMS 0x00000000c1200000, 0x00000000c1300000| Untracked 
|  19|0x00000000c1300000, 0x00000000c1400000, 0x00000000c1400000|100%| O|  |TAMS 0x00000000c1300000, 0x00000000c1400000| Untracked 
|  20|0x00000000c1400000, 0x00000000c1400000, 0x00000000c1500000|  0%| F|  |TAMS 0x00000000c1400000, 0x00000000c1400000| Untracked 
|  21|0x00000000c1500000, 0x00000000c1600000, 0x00000000c1600000|100%| O|  |TAMS 0x00000000c1500000, 0x00000000c1600000| Untracked 
|  22|0x00000000c1600000, 0x00000000c1700000, 0x00000000c1700000|100%| O|  |TAMS 0x00000000c1600000, 0x00000000c1700000| Untracked 
|  23|0x00000000c1700000, 0x00000000c1800000, 0x00000000c1800000|100%| O|  |TAMS 0x00000000c1700000, 0x00000000c1800000| Untracked 
|  24|0x00000000c1800000, 0x00000000c1900000, 0x00000000c1900000|100%| O|  |TAMS 0x00000000c1800000, 0x00000000c1900000| Untracked 
|  25|0x00000000c1900000, 0x00000000c1a00000, 0x00000000c1a00000|100%| O|  |TAMS 0x00000000c1900000, 0x00000000c1a00000| Untracked 
|  26|0x00000000c1a00000, 0x00000000c1a6d400, 0x00000000c1b00000| 42%| O|  |TAMS 0x00000000c1a00000, 0x00000000c1a6d400| Untracked 
|  27|0x00000000c1b00000, 0x00000000c1b00000, 0x00000000c1c00000|  0%| F|  |TAMS 0x00000000c1b00000, 0x00000000c1b00000| Untracked 
|  28|0x00000000c1c00000, 0x00000000c1c00000, 0x00000000c1d00000|  0%| F|  |TAMS 0x00000000c1c00000, 0x00000000c1c00000| Untracked 
|  29|0x00000000c1d00000, 0x00000000c1d00000, 0x00000000c1e00000|  0%| F|  |TAMS 0x00000000c1d00000, 0x00000000c1d00000| Untracked 
|  30|0x00000000c1e00000, 0x00000000c1e00000, 0x00000000c1f00000|  0%| F|  |TAMS 0x00000000c1e00000, 0x00000000c1e00000| Untracked 
|  31|0x00000000c1f00000, 0x00000000c2000000, 0x00000000c2000000|100%| O|  |TAMS 0x00000000c1f00000, 0x00000000c2000000| Untracked 
|  32|0x00000000c2000000, 0x00000000c2100000, 0x00000000c2100000|100%| O|  |TAMS 0x00000000c2000000, 0x00000000c2100000| Untracked 
|  33|0x00000000c2100000, 0x00000000c2200000, 0x00000000c2200000|100%| O|  |TAMS 0x00000000c2100000, 0x00000000c2200000| Untracked 
|  34|0x00000000c2200000, 0x00000000c2200000, 0x00000000c2300000|  0%| F|  |TAMS 0x00000000c2200000, 0x00000000c2200000| Untracked 
|  35|0x00000000c2300000, 0x00000000c2300000, 0x00000000c2400000|  0%| F|  |TAMS 0x00000000c2300000, 0x00000000c2300000| Untracked 
|  36|0x00000000c2400000, 0x00000000c2400000, 0x00000000c2500000|  0%| F|  |TAMS 0x00000000c2400000, 0x00000000c2400000| Untracked 
|  37|0x00000000c2500000, 0x00000000c2500000, 0x00000000c2600000|  0%| F|  |TAMS 0x00000000c2500000, 0x00000000c2500000| Untracked 
|  38|0x00000000c2600000, 0x00000000c2600000, 0x00000000c2700000|  0%| F|  |TAMS 0x00000000c2600000, 0x00000000c2600000| Untracked 
|  39|0x00000000c2700000, 0x00000000c2700000, 0x00000000c2800000|  0%| F|  |TAMS 0x00000000c2700000, 0x00000000c2700000| Untracked 
|  40|0x00000000c2800000, 0x00000000c2800000, 0x00000000c2900000|  0%| F|  |TAMS 0x00000000c2800000, 0x00000000c2800000| Untracked 
|  41|0x00000000c2900000, 0x00000000c2900000, 0x00000000c2a00000|  0%| F|  |TAMS 0x00000000c2900000, 0x00000000c2900000| Untracked 
|  42|0x00000000c2a00000, 0x00000000c2a00000, 0x00000000c2b00000|  0%| F|  |TAMS 0x00000000c2a00000, 0x00000000c2a00000| Untracked 
|  43|0x00000000c2b00000, 0x00000000c2b00000, 0x00000000c2c00000|  0%| F|  |TAMS 0x00000000c2b00000, 0x00000000c2b00000| Untracked 
|  44|0x00000000c2c00000, 0x00000000c2c00000, 0x00000000c2d00000|  0%| F|  |TAMS 0x00000000c2c00000, 0x00000000c2c00000| Untracked 
|  45|0x00000000c2d00000, 0x00000000c2d00000, 0x00000000c2e00000|  0%| F|  |TAMS 0x00000000c2d00000, 0x00000000c2d00000| Untracked 
|  46|0x00000000c2e00000, 0x00000000c2e00000, 0x00000000c2f00000|  0%| F|  |TAMS 0x00000000c2e00000, 0x00000000c2e00000| Untracked 
|  47|0x00000000c2f00000, 0x00000000c2f00000, 0x00000000c3000000|  0%| F|  |TAMS 0x00000000c2f00000, 0x00000000c2f00000| Untracked 
|  48|0x00000000c3000000, 0x00000000c3000000, 0x00000000c3100000|  0%| F|  |TAMS 0x00000000c3000000, 0x00000000c3000000| Untracked 
|  49|0x00000000c3100000, 0x00000000c3100000, 0x00000000c3200000|  0%| F|  |TAMS 0x00000000c3100000, 0x00000000c3100000| Untracked 
|  50|0x00000000c3200000, 0x00000000c3200000, 0x00000000c3300000|  0%| F|  |TAMS 0x00000000c3200000, 0x00000000c3200000| Untracked 
|  51|0x00000000c3300000, 0x00000000c3300000, 0x00000000c3400000|  0%| F|  |TAMS 0x00000000c3300000, 0x00000000c3300000| Untracked 
|  52|0x00000000c3400000, 0x00000000c3400000, 0x00000000c3500000|  0%| F|  |TAMS 0x00000000c3400000, 0x00000000c3400000| Untracked 
|  53|0x00000000c3500000, 0x00000000c3500000, 0x00000000c3600000|  0%| F|  |TAMS 0x00000000c3500000, 0x00000000c3500000| Untracked 
|  54|0x00000000c3600000, 0x00000000c3600000, 0x00000000c3700000|  0%| F|  |TAMS 0x00000000c3600000, 0x00000000c3600000| Untracked 
|  55|0x00000000c3700000, 0x00000000c3700000, 0x00000000c3800000|  0%| F|  |TAMS 0x00000000c3700000, 0x00000000c3700000| Untracked 
|  56|0x00000000c3800000, 0x00000000c3800000, 0x00000000c3900000|  0%| F|  |TAMS 0x00000000c3800000, 0x00000000c3800000| Untracked 
|  57|0x00000000c3900000, 0x00000000c3900000, 0x00000000c3a00000|  0%| F|  |TAMS 0x00000000c3900000, 0x00000000c3900000| Untracked 
|  58|0x00000000c3a00000, 0x00000000c3a00000, 0x00000000c3b00000|  0%| F|  |TAMS 0x00000000c3a00000, 0x00000000c3a00000| Untracked 
|  59|0x00000000c3b00000, 0x00000000c3b00000, 0x00000000c3c00000|  0%| F|  |TAMS 0x00000000c3b00000, 0x00000000c3b00000| Untracked 
|  60|0x00000000c3c00000, 0x00000000c3c00000, 0x00000000c3d00000|  0%| F|  |TAMS 0x00000000c3c00000, 0x00000000c3c00000| Untracked 
|  61|0x00000000c3d00000, 0x00000000c3d00000, 0x00000000c3e00000|  0%| F|  |TAMS 0x00000000c3d00000, 0x00000000c3d00000| Untracked 
|  62|0x00000000c3e00000, 0x00000000c3e00000, 0x00000000c3f00000|  0%| F|  |TAMS 0x00000000c3e00000, 0x00000000c3e00000| Untracked 
|  63|0x00000000c3f00000, 0x00000000c3f00000, 0x00000000c4000000|  0%| F|  |TAMS 0x00000000c3f00000, 0x00000000c3f00000| Untracked 
|  64|0x00000000c4000000, 0x00000000c4000000, 0x00000000c4100000|  0%| F|  |TAMS 0x00000000c4000000, 0x00000000c4000000| Untracked 
|  65|0x00000000c4100000, 0x00000000c4100000, 0x00000000c4200000|  0%| F|  |TAMS 0x00000000c4100000, 0x00000000c4100000| Untracked 
|  66|0x00000000c4200000, 0x00000000c4200000, 0x00000000c4300000|  0%| F|  |TAMS 0x00000000c4200000, 0x00000000c4200000| Untracked 
|  67|0x00000000c4300000, 0x00000000c4300000, 0x00000000c4400000|  0%| F|  |TAMS 0x00000000c4300000, 0x00000000c4300000| Untracked 
|  68|0x00000000c4400000, 0x00000000c4400000, 0x00000000c4500000|  0%| F|  |TAMS 0x00000000c4400000, 0x00000000c4400000| Untracked 
|  69|0x00000000c4500000, 0x00000000c4500000, 0x00000000c4600000|  0%| F|  |TAMS 0x00000000c4500000, 0x00000000c4500000| Untracked 
|  70|0x00000000c4600000, 0x00000000c4700000, 0x00000000c4700000|100%| S|CS|TAMS 0x00000000c4600000, 0x00000000c4600000| Complete 
|  71|0x00000000c4700000, 0x00000000c4800000, 0x00000000c4800000|100%| S|CS|TAMS 0x00000000c4700000, 0x00000000c4700000| Complete 
|  75|0x00000000c4b00000, 0x00000000c4b00000, 0x00000000c4c00000|  0%| F|  |TAMS 0x00000000c4b00000, 0x00000000c4b00000| Untracked 
|  76|0x00000000c4c00000, 0x00000000c4c00000, 0x00000000c4d00000|  0%| F|  |TAMS 0x00000000c4c00000, 0x00000000c4c00000| Untracked 
|  77|0x00000000c4d00000, 0x00000000c4d00000, 0x00000000c4e00000|  0%| F|  |TAMS 0x00000000c4d00000, 0x00000000c4d00000| Untracked 
| 126|0x00000000c7e00000, 0x00000000c7f00000, 0x00000000c7f00000|100%| E|  |TAMS 0x00000000c7e00000, 0x00000000c7e00000| Complete 
| 127|0x00000000c7f00000, 0x00000000c8000000, 0x00000000c8000000|100%| E|CS|TAMS 0x00000000c7f00000, 0x00000000c7f00000| Complete 

Card table byte_map: [0x000001d1f4760000,0x000001d1f4960000] _byte_map_base: 0x000001d1f4160000

Marking Bits (Prev, Next): (CMBitMap*) 0x000001d1ece1aea0, (CMBitMap*) 0x000001d1ece1ae60
 Prev Bits: [0x000001d1f5b60000, 0x000001d1f6b60000)
 Next Bits: [0x000001d1f4b60000, 0x000001d1f5b60000)

Polling page: 0x000001d1eadf0000

Metaspace:

Usage:
  Non-class:     30.34 MB used.
      Class:      4.74 MB used.
       Both:     35.08 MB used.

Virtual space:
  Non-class space:       32.00 MB reserved,      30.50 MB ( 95%) committed,  4 nodes.
      Class space:        1.00 GB reserved,       4.94 MB ( <1%) committed,  1 nodes.
              Both:        1.03 GB reserved,      35.44 MB (  3%) committed. 

Chunk freelists:
   Non-Class:  1.50 MB
       Class:  3.11 MB
        Both:  4.61 MB

MaxMetaspaceSize: 17179869184.00 GB
CompressedClassSpaceSize: 1.00 GB
 - commit_granule_bytes: 65536.
 - commit_granule_words: 8192.
 - virtual_space_node_default_size: 1048576.
 - enlarge_chunks_in_place: 1.
 - new_chunks_are_fully_committed: 0.
 - uncommit_free_chunks: 1.
 - use_allocation_guard: 0.
 - handle_deallocations: 1.


Internal statistics:

num_allocs_failed_limit: 8.
num_arena_births: 336.
num_arena_deaths: 0.
num_vsnodes_births: 5.
num_vsnodes_deaths: 0.
num_space_committed: 567.
num_space_uncommitted: 0.
num_chunks_returned_to_freelist: 8.
num_chunks_taken_from_freelist: 1632.
num_chunk_merges: 8.
num_chunk_splits: 1100.
num_chunks_enlarged: 761.
num_purges: 0.

CodeHeap 'non-profiled nmethods': size=120000Kb used=2468Kb max_used=2468Kb free=117532Kb
 bounds [0x000001d187ad0000, 0x000001d187d40000, 0x000001d18f000000]
CodeHeap 'profiled nmethods': size=120000Kb used=8462Kb max_used=8462Kb free=111538Kb
 bounds [0x000001d1805a0000, 0x000001d180df0000, 0x000001d187ad0000]
CodeHeap 'non-nmethods': size=5760Kb used=2308Kb max_used=2341Kb free=3451Kb
 bounds [0x000001d180000000, 0x000001d180270000, 0x000001d1805a0000]
 total_blobs=4948 nmethods=4137 adapters=723
 compilation: enabled
              stopped_count=0, restarted_count=0
 full_count=0

Compilation events (20 events):
Event: 18.583 Thread 0x000001d1f8ff6940 4130       3       java.lang.invoke.LambdaForm::editor (5 bytes)
Event: 18.583 Thread 0x000001d1f8ff6940 nmethod 4130 0x000001d180de0710 code [0x000001d180de08e0, 0x000001d180de0c08]
Event: 18.583 Thread 0x000001d1f8ff6940 4131       3       java.lang.invoke.LambdaFormEditor::lambdaFormEditor (12 bytes)
Event: 18.583 Thread 0x000001d1f8ff6940 nmethod 4131 0x000001d180de0d90 code [0x000001d180de0f40, 0x000001d180de11e8]
Event: 18.583 Thread 0x000001d1f8ff6940 4132       3       java.lang.invoke.LambdaFormEditor::<init> (10 bytes)
Event: 18.583 Thread 0x000001d1f8ff6940 nmethod 4132 0x000001d180de1310 code [0x000001d180de14c0, 0x000001d180de1678]
Event: 18.583 Thread 0x000001d1f8ff6940 4135       3       jdk.internal.org.objectweb.asm.AnnotationVisitor::<init> (7 bytes)
Event: 18.583 Thread 0x000001d1f8ff6940 nmethod 4135 0x000001d180de1710 code [0x000001d180de18c0, 0x000001d180de1a08]
Event: 18.583 Thread 0x000001d1f8ff6940 4136       3       jdk.internal.org.objectweb.asm.AnnotationVisitor::<init> (88 bytes)
Event: 18.584 Thread 0x000001d1f8ff6940 nmethod 4136 0x000001d180de1a90 code [0x000001d180de1ce0, 0x000001d180de25c8]
Event: 18.584 Thread 0x000001d1f8ff6940 4137       3       jdk.internal.org.objectweb.asm.AnnotationWriter::visitEnd (44 bytes)
Event: 18.584 Thread 0x000001d1f8ff6940 nmethod 4137 0x000001d180de2890 code [0x000001d180de2a40, 0x000001d180de2bd8]
Event: 18.584 Thread 0x000001d1f8ff6940 4134       1       java.lang.invoke.InvokerBytecodeGenerator::setClassWriter (6 bytes)
Event: 18.584 Thread 0x000001d1f8ff6940 nmethod 4134 0x000001d187d38710 code [0x000001d187d388a0, 0x000001d187d389b8]
Event: 18.584 Thread 0x000001d1f8ff6940 4138       1       java.lang.Class::getClassData (5 bytes)
Event: 18.584 Thread 0x000001d1f8ff6940 nmethod 4138 0x000001d187d38a10 code [0x000001d187d38ba0, 0x000001d187d38c78]
Event: 18.584 Thread 0x000001d1f8ff6940 4139       3       java.lang.invoke.BoundMethodHandle::editor (8 bytes)
Event: 18.584 Thread 0x000001d1f8ff6940 nmethod 4139 0x000001d180de2d10 code [0x000001d180de2ee0, 0x000001d180de3268]
Event: 18.584 Thread 0x000001d1f8ff6940 4140       3       java.lang.invoke.LambdaFormEditor$TransformKey::<init> (15 bytes)
Event: 18.585 Thread 0x000001d1f8ff6940 nmethod 4140 0x000001d180de3410 code [0x000001d180de35c0, 0x000001d180de3758]

GC Heap History (18 events):
Event: 2.940 GC heap before
{Heap before GC invocations=0 (full 0):
 garbage-first heap   total 131072K, used 15360K [0x00000000c0000000, 0x0000000100000000)
  region size 1024K, 13 young (13312K), 0 survivors (0K)
 Metaspace       used 1156K, committed 1216K, reserved 1056768K
  class space    used 93K, committed 128K, reserved 1048576K
}
Event: 2.969 GC heap after
{Heap after GC invocations=1 (full 0):
 garbage-first heap   total 131072K, used 2570K [0x00000000c0000000, 0x0000000100000000)
  region size 1024K, 2 young (2048K), 2 survivors (2048K)
 Metaspace       used 1156K, committed 1216K, reserved 1056768K
  class space    used 93K, committed 128K, reserved 1048576K
}
Event: 4.096 GC heap before
{Heap before GC invocations=1 (full 0):
 garbage-first heap   total 131072K, used 22026K [0x00000000c0000000, 0x0000000100000000)
  region size 1024K, 19 young (19456K), 2 survivors (2048K)
 Metaspace       used 3307K, committed 3520K, reserved 1056768K
  class space    used 398K, committed 512K, reserved 1048576K
}
Event: 4.101 GC heap after
{Heap after GC invocations=2 (full 0):
 garbage-first heap   total 131072K, used 9448K [0x00000000c0000000, 0x0000000100000000)
  region size 1024K, 3 young (3072K), 3 survivors (3072K)
 Metaspace       used 3307K, committed 3520K, reserved 1056768K
  class space    used 398K, committed 512K, reserved 1048576K
}
Event: 4.523 GC heap before
{Heap before GC invocations=2 (full 0):
 garbage-first heap   total 131072K, used 34024K [0x00000000c0000000, 0x0000000100000000)
  region size 1024K, 27 young (27648K), 3 survivors (3072K)
 Metaspace       used 4159K, committed 4352K, reserved 1056768K
  class space    used 494K, committed 576K, reserved 1048576K
}
Event: 4.525 GC heap after
{Heap after GC invocations=3 (full 0):
 garbage-first heap   total 131072K, used 9986K [0x00000000c0000000, 0x0000000100000000)
  region size 1024K, 1 young (1024K), 1 survivors (1024K)
 Metaspace       used 4159K, committed 4352K, reserved 1056768K
  class space    used 494K, committed 576K, reserved 1048576K
}
Event: 9.500 GC heap before
{Heap before GC invocations=3 (full 0):
 garbage-first heap   total 131072K, used 87810K [0x00000000c0000000, 0x0000000100000000)
  region size 1024K, 76 young (77824K), 1 survivors (1024K)
 Metaspace       used 14284K, committed 14592K, reserved 1064960K
  class space    used 2037K, committed 2176K, reserved 1048576K
}
Event: 9.507 GC heap after
{Heap after GC invocations=4 (full 0):
 garbage-first heap   total 131072K, used 18283K [0x00000000c0000000, 0x0000000100000000)
  region size 1024K, 9 young (9216K), 9 survivors (9216K)
 Metaspace       used 14284K, committed 14592K, reserved 1064960K
  class space    used 2037K, committed 2176K, reserved 1048576K
}
Event: 12.779 GC heap before
{Heap before GC invocations=4 (full 0):
 garbage-first heap   total 131072K, used 67435K [0x00000000c0000000, 0x0000000100000000)
  region size 1024K, 59 young (60416K), 9 survivors (9216K)
 Metaspace       used 21028K, committed 21248K, reserved 1073152K
  class space    used 3095K, committed 3200K, reserved 1048576K
}
Event: 12.787 GC heap after
{Heap after GC invocations=5 (full 0):
 garbage-first heap   total 131072K, used 21020K [0x00000000c0000000, 0x0000000100000000)
  region size 1024K, 3 young (3072K), 3 survivors (3072K)
 Metaspace       used 21028K, committed 21248K, reserved 1073152K
  class space    used 3095K, committed 3200K, reserved 1048576K
}
Event: 16.212 GC heap before
{Heap before GC invocations=6 (full 0):
 garbage-first heap   total 78848K, used 64028K [0x00000000c0000000, 0x0000000100000000)
  region size 1024K, 46 young (47104K), 3 survivors (3072K)
 Metaspace       used 28173K, committed 28544K, reserved 1081344K
  class space    used 3925K, committed 4096K, reserved 1048576K
}
Event: 16.219 GC heap after
{Heap after GC invocations=7 (full 0):
 garbage-first heap   total 78848K, used 25977K [0x00000000c0000000, 0x0000000100000000)
  region size 1024K, 6 young (6144K), 6 survivors (6144K)
 Metaspace       used 28173K, committed 28544K, reserved 1081344K
  class space    used 3925K, committed 4096K, reserved 1048576K
}
Event: 17.215 GC heap before
{Heap before GC invocations=7 (full 0):
 garbage-first heap   total 78848K, used 61817K [0x00000000c0000000, 0x0000000100000000)
  region size 1024K, 38 young (38912K), 6 survivors (6144K)
 Metaspace       used 30875K, committed 31360K, reserved 1081344K
  class space    used 4191K, committed 4416K, reserved 1048576K
}
Event: 17.225 GC heap after
{Heap after GC invocations=8 (full 0):
 garbage-first heap   total 78848K, used 29283K [0x00000000c0000000, 0x0000000100000000)
  region size 1024K, 4 young (4096K), 4 survivors (4096K)
 Metaspace       used 30875K, committed 31360K, reserved 1081344K
  class space    used 4191K, committed 4416K, reserved 1048576K
}
Event: 18.281 GC heap before
{Heap before GC invocations=8 (full 0):
 garbage-first heap   total 78848K, used 60003K [0x00000000c0000000, 0x0000000100000000)
  region size 1024K, 34 young (34816K), 4 survivors (4096K)
 Metaspace       used 35074K, committed 35456K, reserved 1081344K
  class space    used 4728K, committed 4928K, reserved 1048576K
}
Event: 18.285 GC heap after
{Heap after GC invocations=9 (full 0):
 garbage-first heap   total 78848K, used 31064K [0x00000000c0000000, 0x0000000100000000)
  region size 1024K, 2 young (2048K), 2 survivors (2048K)
 Metaspace       used 35074K, committed 35456K, reserved 1081344K
  class space    used 4728K, committed 4928K, reserved 1048576K
}
Event: 18.521 GC heap before
{Heap before GC invocations=9 (full 0):
 garbage-first heap   total 78848K, used 35160K [0x00000000c0000000, 0x0000000100000000)
  region size 1024K, 7 young (7168K), 2 survivors (2048K)
 Metaspace       used 35613K, committed 35968K, reserved 1081344K
  class space    used 4814K, committed 4992K, reserved 1048576K
}
Event: 18.523 GC heap after
{Heap after GC invocations=10 (full 0):
 garbage-first heap   total 78848K, used 31067K [0x00000000c0000000, 0x0000000100000000)
  region size 1024K, 2 young (2048K), 2 survivors (2048K)
 Metaspace       used 35613K, committed 35968K, reserved 1081344K
  class space    used 4814K, committed 4992K, reserved 1048576K
}

Deoptimization events (20 events):
Event: 18.100 Thread 0x000001d1faed8960 DEOPT PACKING pc=0x000001d187cd86e0 sp=0x000000c639df9110
Event: 18.100 Thread 0x000001d1faed8960 DEOPT UNPACKING pc=0x000001d18004d72e sp=0x000000c639df9050 mode 2
Event: 18.100 Thread 0x000001d1faed8960 Uncommon trap: trap_request=0xffffffbe fr.pc=0x000001d187cd86e0 relative=0x0000000000000bc0
Event: 18.100 Thread 0x000001d1faed8960 Uncommon trap: reason=profile_predicate action=maybe_recompile pc=0x000001d187cd86e0 method=jdk.internal.reflect.UTF8.encode(Ljava/lang/String;)[B @ 20 c2
Event: 18.100 Thread 0x000001d1faed8960 DEOPT PACKING pc=0x000001d187cd86e0 sp=0x000000c639df9110
Event: 18.101 Thread 0x000001d1faed8960 DEOPT UNPACKING pc=0x000001d18004d72e sp=0x000000c639df9050 mode 2
Event: 18.101 Thread 0x000001d1faed8960 Uncommon trap: trap_request=0xffffffbe fr.pc=0x000001d187cd6984 relative=0x0000000000000764
Event: 18.101 Thread 0x000001d1faed8960 Uncommon trap: reason=profile_predicate action=maybe_recompile pc=0x000001d187cd6984 method=jdk.internal.reflect.UTF8.encode(Ljava/lang/String;)[B @ 20 c2
Event: 18.101 Thread 0x000001d1faed8960 DEOPT PACKING pc=0x000001d187cd6984 sp=0x000000c639df90b0
Event: 18.101 Thread 0x000001d1faed8960 DEOPT UNPACKING pc=0x000001d18004d72e sp=0x000000c639df9050 mode 2
Event: 18.125 Thread 0x000001d1faed8960 Uncommon trap: trap_request=0xffffffbe fr.pc=0x000001d187b6cfd4 relative=0x00000000000004b4
Event: 18.125 Thread 0x000001d1faed8960 Uncommon trap: reason=profile_predicate action=maybe_recompile pc=0x000001d187b6cfd4 method=java.net.URI$Parser.scan(IILjava/lang/String;)I @ 6 c2
Event: 18.125 Thread 0x000001d1faed8960 DEOPT PACKING pc=0x000001d187b6cfd4 sp=0x000000c639df8ea0
Event: 18.125 Thread 0x000001d1faed8960 DEOPT UNPACKING pc=0x000001d18004d72e sp=0x000000c639df8e18 mode 2
Event: 18.265 Thread 0x000001d1fb864620 Uncommon trap: trap_request=0xffffffc6 fr.pc=0x000001d187cb3c9c relative=0x000000000000021c
Event: 18.265 Thread 0x000001d1fb864620 Uncommon trap: reason=bimorphic_or_optimized_type_check action=maybe_recompile pc=0x000001d187cb3c9c method=java.util.stream.Sink$ChainedReference.cancellationRequested()Z @ 4 c2
Event: 18.265 Thread 0x000001d1fb864620 DEOPT PACKING pc=0x000001d187cb3c9c sp=0x000000c6396fe5f0
Event: 18.265 Thread 0x000001d1fb864620 DEOPT UNPACKING pc=0x000001d18004d72e sp=0x000000c6396fe520 mode 2
Event: 18.331 Thread 0x000001d1faed8960 DEOPT PACKING pc=0x000001d18092f774 sp=0x000000c639df7620
Event: 18.331 Thread 0x000001d1faed8960 DEOPT UNPACKING pc=0x000001d18004dece sp=0x000000c639df6ba0 mode 0

Classes unloaded (0 events):
No events

Classes redefined (0 events):
No events

Internal exceptions (20 events):
Event: 17.215 Thread 0x000001d1faed8960 Exception <a 'java/lang/ClassNotFoundException'{0x00000000c2df91b0}: org/gradle/api/internal/artifacts/repositories/AbstractArtifactRepositoryBeanInfo> (0x00000000c2df91b0) 
thrown [t:\workspace\open\src\hotspot\share\classfile\systemDictionary.cpp, line 256]
Event: 17.227 Thread 0x000001d1faed8960 Exception <a 'java/lang/ClassNotFoundException'{0x00000000c7f10228}: org/gradle/api/internal/artifacts/repositories/AbstractArtifactRepositoryCustomizer> (0x00000000c7f10228) 
thrown [t:\workspace\open\src\hotspot\share\classfile\systemDictionary.cpp, line 256]
Event: 17.231 Thread 0x000001d1faed8960 Exception <a 'java/lang/ClassNotFoundException'{0x00000000c7f42df0}: org/gradle/api/internal/artifacts/repositories/AbstractResolutionAwareArtifactRepositoryCustomizer> (0x00000000c7f42df0) 
thrown [t:\workspace\open\src\hotspot\share\classfile\systemDictionary.cpp, line 256]
Event: 17.233 Thread 0x000001d1faed8960 Exception <a 'java/lang/ClassNotFoundException'{0x00000000c7f62358}: org/gradle/api/internal/artifacts/repositories/AbstractAuthenticationSupportedRepositoryCustomizer> (0x00000000c7f62358) 
thrown [t:\workspace\open\src\hotspot\share\classfile\systemDictionary.cpp, line 256]
Event: 17.236 Thread 0x000001d1faed8960 Exception <a 'java/lang/ClassNotFoundException'{0x00000000c7f91d50}: org/gradle/api/internal/artifacts/repositories/DefaultMavenArtifactRepositoryCustomizer> (0x00000000c7f91d50) 
thrown [t:\workspace\open\src\hotspot\share\classfile\systemDictionary.cpp, line 256]
Event: 17.240 Thread 0x000001d1faed8960 Exception <a 'java/lang/ClassNotFoundException'{0x00000000c7fc5088}: org/gradle/api/internal/artifacts/repositories/DefaultMavenArtifactRepository_DecoratedCustomizer> (0x00000000c7fc5088) 
thrown [t:\workspace\open\src\hotspot\share\classfile\systemDictionary.cpp, line 256]
Event: 17.307 Thread 0x000001d1faed8960 Implicit null exception at 0x000001d187c56c6c to 0x000001d187c56d14
Event: 17.713 Thread 0x000001d1faed8960 Implicit null exception at 0x000001d187c02792 to 0x000001d187c02b60
Event: 18.013 Thread 0x000001d1faed8960 Exception <a 'java/lang/ClassNotFoundException'{0x00000000c38bf400}: build_5po5rflcuiokg5ad0ibjxmu1xBeanInfo> (0x00000000c38bf400) 
thrown [t:\workspace\open\src\hotspot\share\classfile\systemDictionary.cpp, line 256]
Event: 18.013 Thread 0x000001d1faed8960 Exception <a 'java/lang/ClassNotFoundException'{0x00000000c38c8748}: org/gradle/api/internal/project/ProjectScriptBeanInfo> (0x00000000c38c8748) 
thrown [t:\workspace\open\src\hotspot\share\classfile\systemDictionary.cpp, line 256]
Event: 18.013 Thread 0x000001d1faed8960 Exception <a 'java/lang/ClassNotFoundException'{0x00000000c38d1ae0}: org/gradle/api/internal/project/ProjectScriptCustomizer> (0x00000000c38d1ae0) 
thrown [t:\workspace\open\src\hotspot\share\classfile\systemDictionary.cpp, line 256]
Event: 18.014 Thread 0x000001d1faed8960 Exception <a 'java/lang/ClassNotFoundException'{0x00000000c38e78a8}: build_5po5rflcuiokg5ad0ibjxmu1xCustomizer> (0x00000000c38e78a8) 
thrown [t:\workspace\open\src\hotspot\share\classfile\systemDictionary.cpp, line 256]
Event: 18.020 Thread 0x000001d1faed8960 Exception <a 'java/lang/ClassNotFoundException'{0x00000000c37348b8}: org/gradle/plugin/use/internal/PluginRequestCollector$PluginDependenciesSpecImplBeanInfo> (0x00000000c37348b8) 
thrown [t:\workspace\open\src\hotspot\share\classfile\systemDictionary.cpp, line 256]
Event: 18.021 Thread 0x000001d1faed8960 Exception <a 'java/lang/ClassNotFoundException'{0x00000000c3744130}: org/gradle/plugin/use/internal/PluginRequestCollector$PluginDependenciesSpecImplCustomizer> (0x00000000c3744130) 
thrown [t:\workspace\open\src\hotspot\share\classfile\systemDictionary.cpp, line 256]
Event: 18.023 Thread 0x000001d1faed8960 Exception <a 'java/lang/ClassNotFoundException'{0x00000000c377b210}: org/gradle/plugin/use/internal/PluginRequestCollector$PluginDependencySpecImplBeanInfo> (0x00000000c377b210) 
thrown [t:\workspace\open\src\hotspot\share\classfile\systemDictionary.cpp, line 256]
Event: 18.024 Thread 0x000001d1faed8960 Exception <a 'java/lang/ClassNotFoundException'{0x00000000c3789c88}: org/gradle/plugin/use/internal/PluginRequestCollector$PluginDependencySpecImplCustomizer> (0x00000000c3789c88) 
thrown [t:\workspace\open\src\hotspot\share\classfile\systemDictionary.cpp, line 256]
Event: 18.221 Thread 0x000001d1faed8960 Exception <a 'java/lang/NoSuchMethodError'{0x00000000c30ac8a8}: 'java.lang.Object java.lang.invoke.DirectMethodHandle$Holder.newInvokeSpecial(java.lang.Object, int, java.lang.Object)'> (0x00000000c30ac8a8) 
thrown [t:\workspace\open\src\hotspot\share\interpreter\linkResolver.cpp, line 790]
Event: 18.579 Thread 0x000001d1faed8960 Exception <a 'java/lang/NoSuchMethodError'{0x00000000c7e664a8}: 'java.lang.Object java.lang.invoke.DirectMethodHandle$Holder.invokeSpecial(java.lang.Object, java.lang.Object, java.lang.Object, int, java.lang.Object)'> (0x00000000c7e664a8) 
thrown [t:\workspace\open\src\hotspot\share\interpreter\linkResolver.cpp, line 790]
Event: 18.582 Thread 0x000001d1faed8960 Exception <a 'java/lang/IncompatibleClassChangeError'{0x00000000c7e9a218}: Found class java.lang.Object, but interface was expected> (0x00000000c7e9a218) 
thrown [t:\workspace\open\src\hotspot\share\interpreter\linkResolver.cpp, line 857]
Event: 18.583 Thread 0x000001d1faed8960 Exception <a 'java/lang/NoSuchMethodError'{0x00000000c7ea1e08}: 'int java.lang.invoke.DirectMethodHandle$Holder.invokeSpecialIFC(java.lang.Object, java.lang.Object, java.lang.Object, java.lang.Object, java.lang.Object)'> (0x00000000c7ea1e08) 
thrown [t:\workspace\open\src\hotspot\share\interpreter\linkResolver.cpp, line 790]

Events (20 events):
Event: 18.331 loading class javax/net/ssl/X509TrustManager done
Event: 18.332 loading class javax/net/ssl/SSLException
Event: 18.332 loading class javax/net/ssl/SSLException done
Event: 18.332 loading class javax/net/ssl/SSLPeerUnverifiedException
Event: 18.332 loading class javax/net/ssl/SSLPeerUnverifiedException done
Event: 18.332 loading class javax/naming/NamingException
Event: 18.353 loading class javax/naming/NamingException done
Event: 18.353 loading class javax/naming/InvalidNameException
Event: 18.354 loading class javax/naming/InvalidNameException done
Event: 18.354 loading class java/security/cert/CertificateParsingException
Event: 18.359 loading class java/security/cert/CertificateException
Event: 18.360 loading class java/security/cert/CertificateException done
Event: 18.360 loading class java/security/cert/CertificateParsingException done
Event: 18.521 Executing  VM operation: CollectForMetadataAllocation
Event: 18.524 Executing  VM operation: CollectForMetadataAllocation done
Event: 18.582 loading class java/util/Collections$ReverseComparator
Event: 18.582 loading class java/util/Collections$ReverseComparator done
Event: 18.582 loading class java/util/Collections$ReverseComparator2
Event: 18.582 loading class java/util/Collections$ReverseComparator2 done
Event: 18.608 Executing  VM operation: CollectForMetadataAllocation


Dynamic libraries:
0x00007ff63d8c0000 - 0x00007ff63d8ce000 	C:\Users\ ÓÓÎÂ‚‡\.jdks\openjdk-16.0.1\bin\java.exe
0x00007ffa5b850000 - 0x00007ffa5ba45000 	C:\WINDOWS\SYSTEM32\ntdll.dll
0x00007ffa5a500000 - 0x00007ffa5a5be000 	C:\WINDOWS\System32\KERNEL32.DLL
0x00007ffa59140000 - 0x00007ffa59408000 	C:\WINDOWS\System32\KERNELBASE.dll
0x00007ffa59590000 - 0x00007ffa59690000 	C:\WINDOWS\System32\ucrtbase.dll
0x00007ffa3e940000 - 0x00007ffa3e958000 	C:\Users\ ÓÓÎÂ‚‡\.jdks\openjdk-16.0.1\bin\jli.dll
0x00007ffa5b620000 - 0x00007ffa5b7c0000 	C:\WINDOWS\System32\USER32.dll
0x00007ffa59560000 - 0x00007ffa59582000 	C:\WINDOWS\System32\win32u.dll
0x00007ffa5a380000 - 0x00007ffa5a3aa000 	C:\WINDOWS\System32\GDI32.dll
0x00007ffa59720000 - 0x00007ffa5982b000 	C:\WINDOWS\System32\gdi32full.dll
0x00007ffa3bd90000 - 0x00007ffa3bda9000 	C:\Users\ ÓÓÎÂ‚‡\.jdks\openjdk-16.0.1\bin\VCRUNTIME140.dll
0x00007ffa590a0000 - 0x00007ffa5913d000 	C:\WINDOWS\System32\msvcp_win.dll
0x00007ffa41f70000 - 0x00007ffa4220a000 	C:\WINDOWS\WinSxS\amd64_microsoft.windows.common-controls_6595b64144ccf1df_6.0.19041.1110_none_60b5254171f9507e\COMCTL32.dll
0x00007ffa59fb0000 - 0x00007ffa5a04e000 	C:\WINDOWS\System32\msvcrt.dll
0x00007ffa5b3b0000 - 0x00007ffa5b3e0000 	C:\WINDOWS\System32\IMM32.DLL
0x00007ffa3c080000 - 0x00007ffa3c08c000 	C:\Users\ ÓÓÎÂ‚‡\.jdks\openjdk-16.0.1\bin\vcruntime140_1.dll
0x00007ffa1b8d0000 - 0x00007ffa1b961000 	C:\Users\ ÓÓÎÂ‚‡\.jdks\openjdk-16.0.1\bin\msvcp140.dll
0x00007ffa107b0000 - 0x00007ffa1135b000 	C:\Users\ ÓÓÎÂ‚‡\.jdks\openjdk-16.0.1\bin\server\jvm.dll
0x00007ffa5a450000 - 0x00007ffa5a4fe000 	C:\WINDOWS\System32\ADVAPI32.dll
0x00007ffa5a3b0000 - 0x00007ffa5a44c000 	C:\WINDOWS\System32\sechost.dll
0x00007ffa5a050000 - 0x00007ffa5a175000 	C:\WINDOWS\System32\RPCRT4.dll
0x00007ffa5b470000 - 0x00007ffa5b478000 	C:\WINDOWS\System32\PSAPI.DLL
0x00007ffa4be30000 - 0x00007ffa4be57000 	C:\WINDOWS\SYSTEM32\WINMM.dll
0x00007ffa53c80000 - 0x00007ffa53c8a000 	C:\WINDOWS\SYSTEM32\VERSION.dll
0x00007ffa4cb00000 - 0x00007ffa4cb09000 	C:\WINDOWS\SYSTEM32\WSOCK32.dll
0x00007ffa5a9e0000 - 0x00007ffa5aa4b000 	C:\WINDOWS\System32\WS2_32.dll
0x00007ffa56e80000 - 0x00007ffa56e92000 	C:\WINDOWS\SYSTEM32\kernel.appcore.dll
0x00007ffa3b140000 - 0x00007ffa3b14a000 	C:\Users\ ÓÓÎÂ‚‡\.jdks\openjdk-16.0.1\bin\jimage.dll
0x00007ffa488a0000 - 0x00007ffa48a84000 	C:\WINDOWS\SYSTEM32\DBGHELP.DLL
0x00007ffa42210000 - 0x00007ffa4223c000 	C:\WINDOWS\SYSTEM32\dbgcore.DLL
0x00007ffa59690000 - 0x00007ffa59712000 	C:\WINDOWS\System32\bcryptPrimitives.dll
0x00007ffa2b5d0000 - 0x00007ffa2b5f5000 	C:\Users\ ÓÓÎÂ‚‡\.jdks\openjdk-16.0.1\bin\java.dll
0x00007ffa5aa60000 - 0x00007ffa5b1a4000 	C:\WINDOWS\System32\SHELL32.dll
0x00007ffa57080000 - 0x00007ffa57814000 	C:\WINDOWS\SYSTEM32\windows.storage.dll
0x00007ffa5a5c0000 - 0x00007ffa5a914000 	C:\WINDOWS\System32\combase.dll
0x00007ffa588e0000 - 0x00007ffa5890c000 	C:\WINDOWS\SYSTEM32\Wldp.dll
0x00007ffa59ea0000 - 0x00007ffa59f4d000 	C:\WINDOWS\System32\SHCORE.dll
0x00007ffa5b540000 - 0x00007ffa5b595000 	C:\WINDOWS\System32\shlwapi.dll
0x00007ffa58e80000 - 0x00007ffa58e9f000 	C:\WINDOWS\SYSTEM32\profapi.dll
0x00007ffa54b30000 - 0x00007ffa54b49000 	C:\Users\ ÓÓÎÂ‚‡\.jdks\openjdk-16.0.1\bin\net.dll
0x00007ffa50180000 - 0x00007ffa5028a000 	C:\WINDOWS\SYSTEM32\WINHTTP.dll
0x00007ffa58640000 - 0x00007ffa586aa000 	C:\WINDOWS\system32\mswsock.dll
0x00007ffa54aa0000 - 0x00007ffa54ab3000 	C:\Users\ ÓÓÎÂ‚‡\.jdks\openjdk-16.0.1\bin\nio.dll
0x00007ffa54a80000 - 0x00007ffa54a98000 	C:\Users\ ÓÓÎÂ‚‡\.jdks\openjdk-16.0.1\bin\zip.dll
0x00007ffa54b20000 - 0x00007ffa54b30000 	C:\Users\ ÓÓÎÂ‚‡\.jdks\openjdk-16.0.1\bin\verify.dll
0x00007ffa2e0b0000 - 0x00007ffa2e0d7000 	C:\Users\ ÓÓÎÂ‚‡\.gradle\native\8bec1ad78214c89d9ad589b4d07fe93259594b29d510b10fafb7a158f7737e5d\windows-amd64\native-platform.dll
0x00007ffa15050000 - 0x00007ffa1518d000 	C:\Users\ ÓÓÎÂ‚‡\.gradle\native\53dbd7edfb1c66fb8903c78663c9afc45aea4f116125fa6feffd364cf09443e8\windows-amd64\native-platform-file-events.dll
0x00007ffa54b00000 - 0x00007ffa54b09000 	C:\Users\ ÓÓÎÂ‚‡\.jdks\openjdk-16.0.1\bin\management.dll
0x00007ffa54a10000 - 0x00007ffa54a1b000 	C:\Users\ ÓÓÎÂ‚‡\.jdks\openjdk-16.0.1\bin\management_ext.dll
0x00007ffa58840000 - 0x00007ffa58858000 	C:\WINDOWS\SYSTEM32\CRYPTSP.dll
0x00007ffa57fc0000 - 0x00007ffa57ff4000 	C:\WINDOWS\system32\rsaenh.dll
0x00007ffa594c0000 - 0x00007ffa594e7000 	C:\WINDOWS\System32\bcrypt.dll
0x00007ffa58e00000 - 0x00007ffa58e2e000 	C:\WINDOWS\SYSTEM32\USERENV.dll
0x00007ffa58830000 - 0x00007ffa5883c000 	C:\WINDOWS\SYSTEM32\CRYPTBASE.dll
0x00007ffa58330000 - 0x00007ffa5836b000 	C:\WINDOWS\SYSTEM32\IPHLPAPI.DLL
0x00007ffa5b480000 - 0x00007ffa5b488000 	C:\WINDOWS\System32\NSI.dll
0x00007ffa52c80000 - 0x00007ffa52c97000 	C:\WINDOWS\SYSTEM32\dhcpcsvc6.DLL
0x00007ffa52c60000 - 0x00007ffa52c7d000 	C:\WINDOWS\SYSTEM32\dhcpcsvc.DLL
0x00007ffa58370000 - 0x00007ffa5843b000 	C:\WINDOWS\SYSTEM32\DNSAPI.dll
0x00007ffa54a00000 - 0x00007ffa54a0e000 	C:\Users\ ÓÓÎÂ‚‡\.jdks\openjdk-16.0.1\bin\sunmscapi.dll
0x00007ffa58f40000 - 0x00007ffa59096000 	C:\WINDOWS\System32\CRYPT32.dll
0x00007ffa58950000 - 0x00007ffa58977000 	C:\WINDOWS\SYSTEM32\ncrypt.dll
0x00007ffa58910000 - 0x00007ffa5894b000 	C:\WINDOWS\SYSTEM32\NTASN1.dll
0x00007ffa41740000 - 0x00007ffa41747000 	C:\WINDOWS\system32\wshunix.dll

dbghelp: loaded successfully - version: 4.0.5 - missing functions: none
symbol engine: initialized successfully - sym options: 0x614 - pdb path: .;C:\Users\ ÓÓÎÂ‚‡\.jdks\openjdk-16.0.1\bin;C:\WINDOWS\SYSTEM32;C:\WINDOWS\WinSxS\amd64_microsoft.windows.common-controls_6595b64144ccf1df_6.0.19041.1110_none_60b5254171f9507e;C:\Users\ ÓÓÎÂ‚‡\.jdks\openjdk-16.0.1\bin\server;C:\Users\ ÓÓÎÂ‚‡\.gradle\native\8bec1ad78214c89d9ad589b4d07fe93259594b29d510b10fafb7a158f7737e5d\windows-amd64;C:\Users\ ÓÓÎÂ‚‡\.gradle\native\53dbd7edfb1c66fb8903c78663c9afc45aea4f116125fa6feffd364cf09443e8\windows-amd64

VM Arguments:
jvm_args: --add-opens=java.base/java.util=ALL-UNNAMED --add-opens=java.base/java.lang=ALL-UNNAMED --add-opens=java.base/java.lang.invoke=ALL-UNNAMED --add-opens=java.base/java.util=ALL-UNNAMED --add-opens=java.prefs/java.util.prefs=ALL-UNNAMED --add-opens=java.prefs/java.util.prefs=ALL-UNNAMED --add-opens=java.base/java.nio.charset=ALL-UNNAMED --add-opens=java.base/java.net=ALL-UNNAMED --add-opens=java.base/java.util.concurrent.atomic=ALL-UNNAMED -Xmx1G -Dfile.encoding=windows-1251 -Duser.country=RU -Duser.language=ru -Duser.variant 
java_command: org.gradle.launcher.daemon.bootstrap.GradleDaemon 7.0.2
java_class_path (initial): C:\Users\ ÓÓÎÂ‚‡\.gradle\wrapper\dists\gradle-7.0.2-bin\857tjihv64xamwrf0h14cai3r\gradle-7.0.2\lib\gradle-launcher-7.0.2.jar
Launcher Type: SUN_STANDARD

[Global flags]
     intx CICompilerCount                          = 3                                         {product} {ergonomic}
     uint ConcGCThreads                            = 1                                         {product} {ergonomic}
     uint G1ConcRefinementThreads                  = 4                                         {product} {ergonomic}
   size_t G1HeapRegionSize                         = 1048576                                   {product} {ergonomic}
    uintx GCDrainStackTargetSize                   = 64                                        {product} {ergonomic}
   size_t InitialHeapSize                          = 134217728                                 {product} {ergonomic}
   size_t MarkStackSize                            = 4194304                                   {product} {ergonomic}
   size_t MaxHeapSize                              = 1073741824                                {product} {command line}
   size_t MaxNewSize                               = 643825664                                 {product} {ergonomic}
   size_t MinHeapDeltaBytes                        = 1048576                                   {product} {ergonomic}
   size_t MinHeapSize                              = 8388608                                   {product} {ergonomic}
    uintx NonNMethodCodeHeapSize                   = 5832780                                {pd product} {ergonomic}
    uintx NonProfiledCodeHeapSize                  = 122912730                              {pd product} {ergonomic}
    uintx ProfiledCodeHeapSize                     = 122912730                              {pd product} {ergonomic}
    uintx ReservedCodeCacheSize                    = 251658240                              {pd product} {ergonomic}
     bool SegmentedCodeCache                       = true                                      {product} {ergonomic}
   size_t SoftMaxHeapSize                          = 1073741824                             {manageable} {ergonomic}
     bool UseCompressedClassPointers               = true                           {product lp64_product} {ergonomic}
     bool UseCompressedOops                        = true                           {product lp64_product} {ergonomic}
     bool UseG1GC                                  = true                                      {product} {ergonomic}
     bool UseLargePagesIndividualAllocation        = false                                  {pd product} {ergonomic}

Logging:
Log output configuration:
 #0: stdout all=warning uptime,level,tags
 #1: stderr all=off uptime,level,tags

Environment Variables:
JAVA_HOME=C:\Program Files\Java\jdk-17.0.2;C:\Program Files\Java\jre1.8.0_321;
PATH=C:\Program Files\Java\jdk-17.0.2\bin;C:\Program Files\Java\jre1.8.0_321\bin;C:\ProgramData\Oracle\Java\javapath;C:\Program Files\Common Files\Oracle\Java\javapath;C:\Program Files (x86)\Common Files\Intel\Shared Libraries\redist\intel64\compiler;C:\Program Files (x86)\Intel\iCLS Client\;C:\Program Files\Intel\iCLS Client\;C:\Windows\system32;C:\Windows;C:\Windows\System32\Wbem;C:\Windows\System32\WindowsPowerShell\v1.0\;C:\Program Files (x86)\Intel\Intel(R) Management Engine Components\DAL;C:\Program Files\Intel\Intel(R) Management Engine Components\DAL;C:\Program Files (x86)\Intel\Intel(R) Management Engine Components\IPT;C:\Program Files\Intel\Intel(R) Management Engine Components\IPT;C:\Program Files\Intel\WiFi\bin\;C:\Program Files\Common Files\Intel\WirelessCommon\;C:\WINDOWS\system32;C:\WINDOWS;C:\WINDOWS\System32\Wbem;C:\WINDOWS\System32\WindowsPowerShell\v1.0\;C:\WINDOWS\System32\OpenSSH\;C:\Program Files (x86)\NVIDIA Corporation\PhysX\Common;C:\Program Files\NVIDIA Corporation\NVIDIA NvDLISR;C:\Program Files\nodejs\;C:\Program Files\Cloudflare\Cloudflare WARP\;C:\Program Files\Java\jdk-17.0.2\bin;C:\Program Files\Java\jre1.8.0_321\bin;C:\Users\ ÓÓÎÂ‚‡\AppData\Local\Programs\Python\Python36\Scripts\;C:\Users\ ÓÓÎÂ‚‡\AppData\Local\Programs\Python\Python36\;C:\Users\ ÓÓÎÂ‚‡\AppData\Local\Microsoft\WindowsApps;C:\Program Files\JetBrains\IntelliJ IDEA Community Edition 2021.3.3\bin;;C:\Users\ ÓÓÎÂ‚‡\AppData\Roaming\npm;C:\Users\ ÓÓÎÂ‚‡\AppData\Local\Programs\Microsoft VS Code\bin;
USERNAME=computer
OS=Windows_NT
PROCESSOR_IDENTIFIER=Intel64 Family 6 Model 58 Stepping 9, GenuineIntel



---------------  S Y S T E M  ---------------

OS:
 Windows 10 , 64 bit Build 19041 (10.0.19041.1645)
OS uptime: 0 days 1:56 hours

CPU: total 4 (initial active 4) (4 cores per cpu, 1 threads per core) family 6 model 58 stepping 9 microcode 0x21, cx8, cmov, fxsr, mmx, sse, sse2, sse3, ssse3, sse4.1, sse4.2, popcnt, tsc, tscinvbit, avx, aes, erms, clmul, vzeroupper, clflush

Memory: 4k page, system-wide physical 8140M (3612M free)
TotalPageFile size 16332M (AvailPageFile size 9255M)
current process WorkingSet (physical memory assigned to process): 216M, peak: 216M
current process commit charge ("private bytes"): 247M, peak: 286M

vm_info: OpenJDK 64-Bit Server VM (16.0.1+9-24) for windows-amd64 JRE (16.0.1+9-24), built on Mar 26 2021 19:30:07 by "mach5one" with MS VC++ 16.7 (VS2019)

END.
